[debug] [2024-01-18T09:05:46.874Z] ----------------------------------------------------------------------
[debug] [2024-01-18T09:05:46.881Z] Command:       C:\Program Files\nodejs\node.exe C:\Users\parthiv\AppData\Roaming\npm\node_modules\firebase-tools\lib\bin\firebase.js init
[debug] [2024-01-18T09:05:46.881Z] CLI Version:   13.0.3
[debug] [2024-01-18T09:05:46.882Z] Platform:      win32
[debug] [2024-01-18T09:05:46.882Z] Node Version:  v20.11.0
[debug] [2024-01-18T09:05:46.883Z] Time:          Thu Jan 18 2024 14:35:46 GMT+0530 (India Standard Time)
[debug] [2024-01-18T09:05:46.883Z] ----------------------------------------------------------------------
[debug] 
[debug] [2024-01-18T09:05:47.032Z] > command requires scopes: ["email","openid","https://www.googleapis.com/auth/cloudplatformprojects.readonly","https://www.googleapis.com/auth/firebase","https://www.googleapis.com/auth/cloud-platform"]
[debug] [2024-01-18T09:05:47.033Z] > authorizing via signed-in user (parthivhirani2903@gmail.com)
[info] 
     ######## #### ########  ######## ########     ###     ######  ########
     ##        ##  ##     ## ##       ##     ##  ##   ##  ##       ##
     ######    ##  ########  ######   ########  #########  ######  ######
     ##        ##  ##    ##  ##       ##     ## ##     ##       ## ##
     ##       #### ##     ## ######## ########  ##     ##  ######  ########

You're about to initialize a Firebase project in this directory:

  C:\Users\parthiv\Downloads\Parthiv\my-portfolio

Before we get started, keep in mind:

  * You are initializing within an existing Firebase project directory

[info] 
=== Project Setup
[info] 
[info] First, let's associate this project directory with a Firebase project.
[info] You can create multiple project aliases by running firebase use --add, 
[info] but for now we'll just set up a default project.
[info] 
[debug] [2024-01-18T09:06:37.488Z] Using project from CLI flag: parthivhirani-498ba
[debug] [2024-01-18T09:06:37.493Z] >>> [apiv2][query] GET https://firebase.googleapis.com/v1beta1/projects/parthivhirani-498ba [none]
[debug] [2024-01-18T09:06:40.126Z] <<< [apiv2][status] GET https://firebase.googleapis.com/v1beta1/projects/parthivhirani-498ba 200
[debug] [2024-01-18T09:06:40.126Z] <<< [apiv2][body] GET https://firebase.googleapis.com/v1beta1/projects/parthivhirani-498ba {"projectId":"parthivhirani-498ba","projectNumber":"29531613354","displayName":"parthivhirani","name":"projects/parthivhirani-498ba","resources":{"hostingSite":"parthivhirani-498ba"},"state":"ACTIVE","etag":"1_1d49b825-bf86-416b-bbfa-903e1962ef8d"}
[info] i  Using project parthivhirani-498ba (parthivhirani) 
[info] 
=== Hosting Setup
[debug] [2024-01-18T09:06:40.138Z] >>> [apiv2][query] GET https://firebase.googleapis.com/v1beta1/projects/parthivhirani-498ba [none]
[debug] [2024-01-18T09:06:40.542Z] <<< [apiv2][status] GET https://firebase.googleapis.com/v1beta1/projects/parthivhirani-498ba 200
[debug] [2024-01-18T09:06:40.542Z] <<< [apiv2][body] GET https://firebase.googleapis.com/v1beta1/projects/parthivhirani-498ba {"projectId":"parthivhirani-498ba","projectNumber":"29531613354","displayName":"parthivhirani","name":"projects/parthivhirani-498ba","resources":{"hostingSite":"parthivhirani-498ba"},"state":"ACTIVE","etag":"1_1d49b825-bf86-416b-bbfa-903e1962ef8d"}
[info] 
[info] Your public directory is the folder (relative to your project directory) that
[info] will contain Hosting assets to be uploaded with firebase deploy. If you
[info] have a build process for your assets, use your build's output directory.
[info] 
[debug] [2024-01-18T09:06:47.691Z] >>> [apiv2][query] GET https://www.gstatic.com/firebasejs/releases.json [none]
[debug] [2024-01-18T09:06:49.065Z] <<< [apiv2][status] GET https://www.gstatic.com/firebasejs/releases.json 200
[debug] [2024-01-18T09:06:49.065Z] <<< [apiv2][body] GET https://www.gstatic.com/firebasejs/releases.json {"current":{"version":"10.7.1","browserURL":"https://www.gstatic.com/firebasejs/10.7.1/firebase.js","packageURL":"https://www.gstatic.com/firebasejs/10.7.1/firebase.tgz"},"live":{"version":"10.7","browserURL":"https://www.gstatic.com/firebasejs/live/10.7/firebase.js","packageURL":"https://www.gstatic.com/firebasejs/live/10.7/firebase.tgz"},"components":{"analytics":"https://www.gstatic.com/firebasejs/10.7.1/firebase-analytics.js","app":"https://www.gstatic.com/firebasejs/10.7.1/firebase-app.js","app-check":"https://www.gstatic.com/firebasejs/10.7.1/firebase-app-check.js","auth":"https://www.gstatic.com/firebasejs/10.7.1/firebase-auth.js","auth/cordova":"https://www.gstatic.com/firebasejs/10.7.1/firebase-auth/cordova.js","functions":"https://www.gstatic.com/firebasejs/10.7.1/firebase-functions.js","firestore":"https://www.gstatic.com/firebasejs/10.7.1/firebase-firestore.js","firestore/lite":"https://www.gstatic.com/firebasejs/10.7.1/firebase-firestore/lite.js","installations":"https://www.gstatic.com/firebasejs/10.7.1/firebase-installations.js","storage":"https://www.gstatic.com/firebasejs/10.7.1/firebase-storage.js","performance":"https://www.gstatic.com/firebasejs/10.7.1/firebase-performance.js","remote-config":"https://www.gstatic.com/firebasejs/10.7.1/firebase-remote-config.js","messaging":"https://www.gstatic.com/firebasejs/10.7.1/firebase-messaging.js","messaging/sw":"https://www.gstatic.com/firebasejs/10.7.1/firebase-messaging/sw.js","database":"https://www.gstatic.com/firebasejs/10.7.1/firebase-database.js","firestore.memory":"https://www.gstatic.com/firebasejs/10.7.1/firebase-firestore.memory.js"}}
[info] i  Skipping write of build/index.html 
[info] 
[info] i  Didn't detect a .git folder. Assuming C:\Users\parthiv\Downloads\Parthiv\my-portfolio is the project root. 
[info] i  Authorizing with GitHub to upload your service account to a GitHub repository's secrets store. 
[info] 
[info] Visit this URL on this device to log in:
[info] https://github.com/login/oauth/authorize?client_id=89cf50f02ac6aaed3484&state=57436509&redirect_uri=http%3A%2F%2Flocalhost%3A9005&scope=read%3Auser%20repo%20public_repo
[info] 
[info] Waiting for authentication...
[debug] [2024-01-18T09:06:54.475Z] >>> [apiv2][query] POST https://github.com/login/oauth/access_token [none]
[debug] [2024-01-18T09:06:54.475Z] >>> [apiv2][body] POST https://github.com/login/oauth/access_token [stream]
[debug] [2024-01-18T09:06:55.212Z] <<< [apiv2][status] POST https://github.com/login/oauth/access_token 200
[debug] [2024-01-18T09:06:55.212Z] <<< [apiv2][body] POST https://github.com/login/oauth/access_token {"access_token":"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","token_type":"bearer","scope":"read:user,repo"}
[debug] [2024-01-18T09:06:55.225Z] >>> [apiv2][query] GET https://api.github.com/user [none]
[debug] [2024-01-18T09:06:55.818Z] <<< [apiv2][status] GET https://api.github.com/user 200
[debug] [2024-01-18T09:06:55.818Z] <<< [apiv2][body] GET https://api.github.com/user {"login":"parthivhirani","id":76830373,"node_id":"MDQ6VXNlcjc2ODMwMzcz","avatar_url":"https://avatars.githubusercontent.com/u/76830373?v=4","gravatar_id":"","url":"https://api.github.com/users/parthivhirani","html_url":"https://github.com/parthivhirani","followers_url":"https://api.github.com/users/parthivhirani/followers","following_url":"https://api.github.com/users/parthivhirani/following{/other_user}","gists_url":"https://api.github.com/users/parthivhirani/gists{/gist_id}","starred_url":"https://api.github.com/users/parthivhirani/starred{/owner}{/repo}","subscriptions_url":"https://api.github.com/users/parthivhirani/subscriptions","organizations_url":"https://api.github.com/users/parthivhirani/orgs","repos_url":"https://api.github.com/users/parthivhirani/repos","events_url":"https://api.github.com/users/parthivhirani/events{/privacy}","received_events_url":"https://api.github.com/users/parthivhirani/received_events","type":"User","site_admin":false,"name":"Parthiv Hirani","company":null,"blog":"parthivhirani.me","location":"Rajkot","email":null,"hireable":null,"bio":"Software Engineer","twitter_username":null,"public_repos":21,"public_gists":0,"followers":1,"following":1,"created_at":"2021-01-01T04:01:09Z","updated_at":"2024-01-06T13:00:37Z","private_gists":0,"total_private_repos":0,"owned_private_repos":0,"disk_usage":290356,"collaborators":0,"two_factor_authentication":false,"plan":{"name":"pro","space":976562499,"collaborators":0,"private_repos":9999}}
[info] 
[info] +  Success! Logged into GitHub as parthivhirani 
[info] 
